<?xml version="1.0" encoding="UTF-8"?>
<robot generator="Robot 6.1.1 (Python 3.13.7 on linux)" generated="20251115 12:19:36.162" rpa="false" schemaversion="4">
<suite id="s1" name="Tests" source="/home/than/kurssit/ohjtuot/ohtupalautus/osa3/login-robot/src/tests">
<suite id="s1-s1" name="Login" source="/home/than/kurssit/ohjtuot/ohtupalautus/osa3/login-robot/src/tests/login.robot">
<test id="s1-s1-t1" name="Login With Correct Credentials" line="6">
<kw name="Create User And Input Login Command" type="SETUP">
<kw name="Create User" library="AppLibrary">
<arg>kalle</arg>
<arg>kalle123</arg>
<status status="PASS" starttime="20251115 12:19:36.196" endtime="20251115 12:19:36.196"/>
</kw>
<kw name="Input Login Command" library="resource">
<kw name="Input" library="AppLibrary">
<arg>login</arg>
<status status="PASS" starttime="20251115 12:19:36.197" endtime="20251115 12:19:36.197"/>
</kw>
<status status="PASS" starttime="20251115 12:19:36.196" endtime="20251115 12:19:36.197"/>
</kw>
<status status="PASS" starttime="20251115 12:19:36.196" endtime="20251115 12:19:36.197"/>
</kw>
<kw name="Input Credentials" library="resource">
<arg>kalle</arg>
<arg>kalle123</arg>
<kw name="Input" library="AppLibrary">
<arg>${username}</arg>
<status status="PASS" starttime="20251115 12:19:36.198" endtime="20251115 12:19:36.198"/>
</kw>
<kw name="Input" library="AppLibrary">
<arg>${password}</arg>
<status status="PASS" starttime="20251115 12:19:36.198" endtime="20251115 12:19:36.199"/>
</kw>
<kw name="Run Application" library="AppLibrary">
<status status="PASS" starttime="20251115 12:19:36.199" endtime="20251115 12:19:36.199"/>
</kw>
<status status="PASS" starttime="20251115 12:19:36.197" endtime="20251115 12:19:36.199"/>
</kw>
<kw name="Output Should Contain" library="AppLibrary">
<arg>Logged in</arg>
<status status="PASS" starttime="20251115 12:19:36.199" endtime="20251115 12:19:36.199"/>
</kw>
<status status="PASS" starttime="20251115 12:19:36.195" endtime="20251115 12:19:36.200"/>
</test>
<test id="s1-s1-t2" name="Login With Incorrect Password" line="10">
<kw name="Create User And Input Login Command" type="SETUP">
<kw name="Create User" library="AppLibrary">
<arg>kalle</arg>
<arg>kalle123</arg>
<status status="PASS" starttime="20251115 12:19:36.200" endtime="20251115 12:19:36.200"/>
</kw>
<kw name="Input Login Command" library="resource">
<kw name="Input" library="AppLibrary">
<arg>login</arg>
<status status="PASS" starttime="20251115 12:19:36.201" endtime="20251115 12:19:36.201"/>
</kw>
<status status="PASS" starttime="20251115 12:19:36.201" endtime="20251115 12:19:36.201"/>
</kw>
<status status="PASS" starttime="20251115 12:19:36.200" endtime="20251115 12:19:36.201"/>
</kw>
<kw name="Input Credentials" library="resource">
<arg>kalle</arg>
<arg>salasana</arg>
<kw name="Input" library="AppLibrary">
<arg>${username}</arg>
<status status="PASS" starttime="20251115 12:19:36.201" endtime="20251115 12:19:36.202"/>
</kw>
<kw name="Input" library="AppLibrary">
<arg>${password}</arg>
<status status="PASS" starttime="20251115 12:19:36.202" endtime="20251115 12:19:36.202"/>
</kw>
<kw name="Run Application" library="AppLibrary">
<status status="PASS" starttime="20251115 12:19:36.202" endtime="20251115 12:19:36.202"/>
</kw>
<status status="PASS" starttime="20251115 12:19:36.201" endtime="20251115 12:19:36.202"/>
</kw>
<kw name="Output Should Contain" library="AppLibrary">
<arg>Invalid username or password</arg>
<status status="PASS" starttime="20251115 12:19:36.202" endtime="20251115 12:19:36.202"/>
</kw>
<status status="PASS" starttime="20251115 12:19:36.200" endtime="20251115 12:19:36.202"/>
</test>
<test id="s1-s1-t3" name="Login With Nonexistent Username" line="14">
<kw name="Create User And Input Login Command" type="SETUP">
<kw name="Create User" library="AppLibrary">
<arg>kalle</arg>
<arg>kalle123</arg>
<status status="PASS" starttime="20251115 12:19:36.203" endtime="20251115 12:19:36.203"/>
</kw>
<kw name="Input Login Command" library="resource">
<kw name="Input" library="AppLibrary">
<arg>login</arg>
<status status="PASS" starttime="20251115 12:19:36.203" endtime="20251115 12:19:36.204"/>
</kw>
<status status="PASS" starttime="20251115 12:19:36.203" endtime="20251115 12:19:36.204"/>
</kw>
<status status="PASS" starttime="20251115 12:19:36.203" endtime="20251115 12:19:36.204"/>
</kw>
<kw name="Input Credentials" library="resource">
<arg>eioo</arg>
<arg>salasana</arg>
<kw name="Input" library="AppLibrary">
<arg>${username}</arg>
<status status="PASS" starttime="20251115 12:19:36.204" endtime="20251115 12:19:36.204"/>
</kw>
<kw name="Input" library="AppLibrary">
<arg>${password}</arg>
<status status="PASS" starttime="20251115 12:19:36.204" endtime="20251115 12:19:36.205"/>
</kw>
<kw name="Run Application" library="AppLibrary">
<status status="PASS" starttime="20251115 12:19:36.205" endtime="20251115 12:19:36.205"/>
</kw>
<status status="PASS" starttime="20251115 12:19:36.204" endtime="20251115 12:19:36.205"/>
</kw>
<kw name="Output Should Contain" library="AppLibrary">
<arg>Invalid username or password</arg>
<status status="PASS" starttime="20251115 12:19:36.205" endtime="20251115 12:19:36.205"/>
</kw>
<status status="PASS" starttime="20251115 12:19:36.203" endtime="20251115 12:19:36.205"/>
</test>
<status status="PASS" starttime="20251115 12:19:36.189" endtime="20251115 12:19:36.205"/>
</suite>
<status status="PASS" starttime="20251115 12:19:36.163" endtime="20251115 12:19:36.206"/>
</suite>
<statistics>
<total>
<stat pass="3" fail="0" skip="0">All Tests</stat>
</total>
<tag>
</tag>
<suite>
<stat pass="3" fail="0" skip="0" id="s1" name="Tests">Tests</stat>
<stat pass="3" fail="0" skip="0" id="s1-s1" name="Login">Tests.Login</stat>
</suite>
</statistics>
<errors>
</errors>
</robot>
