<?xml version="1.0" encoding="UTF-8"?>
<robot generator="Robot 6.1.1 (Python 3.13.7 on linux)" generated="20251115 14:01:22.705" rpa="false" schemaversion="4">
<suite id="s1" name="Login" source="/home/than/kurssit/ohjtuot/ohtupalautus/osa3/login-robot/src/tests/login.robot">
<test id="s1-t1" name="Login With Correct Credentials" line="6">
<kw name="Create User And Input Login Command" type="SETUP">
<kw name="Create User" library="AppLibrary">
<arg>kalle</arg>
<arg>kalle123</arg>
<status status="PASS" starttime="20251115 14:01:22.761" endtime="20251115 14:01:22.761"/>
</kw>
<kw name="Input Login Command" library="resource">
<kw name="Input" library="AppLibrary">
<arg>login</arg>
<status status="PASS" starttime="20251115 14:01:22.762" endtime="20251115 14:01:22.762"/>
</kw>
<status status="PASS" starttime="20251115 14:01:22.762" endtime="20251115 14:01:22.762"/>
</kw>
<status status="PASS" starttime="20251115 14:01:22.761" endtime="20251115 14:01:22.762"/>
</kw>
<kw name="Input Credentials" library="resource">
<arg>kalle</arg>
<arg>kalle123</arg>
<kw name="Input" library="AppLibrary">
<arg>${username}</arg>
<status status="PASS" starttime="20251115 14:01:22.762" endtime="20251115 14:01:22.763"/>
</kw>
<kw name="Input" library="AppLibrary">
<arg>${password}</arg>
<status status="PASS" starttime="20251115 14:01:22.763" endtime="20251115 14:01:22.763"/>
</kw>
<kw name="Run Application" library="AppLibrary">
<status status="PASS" starttime="20251115 14:01:22.763" endtime="20251115 14:04:03.654"/>
</kw>
<msg timestamp="20251115 14:04:12.079" level="FAIL">BdbQuit</msg>
<status status="FAIL" starttime="20251115 14:01:22.762" endtime="20251115 14:04:12.082"/>
</kw>
<kw name="Output Should Contain" library="AppLibrary">
<arg>Logged in</arg>
<status status="NOT RUN" starttime="20251115 14:04:12.083" endtime="20251115 14:04:12.083"/>
</kw>
<status status="FAIL" starttime="20251115 14:01:22.760" endtime="20251115 14:04:12.084">BdbQuit</status>
</test>
<status status="FAIL" starttime="20251115 14:01:22.706" endtime="20251115 14:04:12.085"/>
</suite>
<statistics>
<total>
<stat pass="0" fail="1" skip="0">All Tests</stat>
</total>
<tag>
</tag>
<suite>
<stat pass="0" fail="1" skip="0" id="s1" name="Login">Login</stat>
</suite>
</statistics>
<errors>
</errors>
</robot>
