<?xml version="1.0" encoding="UTF-8"?>
<robot generator="Robot 6.1.1 (Python 3.13.7 on linux)" generated="20251115 10:26:40.671" rpa="false" schemaversion="4">
<suite id="s1" name="Tests" source="/home/than/kurssit/ohjtuot/ohtupalautus/osa3/login-robot/src/tests">
<suite id="s1-s1" name="Login" source="/home/than/kurssit/ohjtuot/ohtupalautus/osa3/login-robot/src/tests/login.robot">
<test id="s1-s1-t1" name="Login With Correct Credentials" line="6">
<kw name="Create User And Input Login Command" type="SETUP">
<kw name="Create User" library="AppLibrary">
<arg>kalle</arg>
<arg>kalle123</arg>
<status status="PASS" starttime="20251115 10:26:40.730" endtime="20251115 10:26:40.730"/>
</kw>
<kw name="Input Login Command" library="resource">
<kw name="Input" library="AppLibrary">
<arg>login</arg>
<status status="PASS" starttime="20251115 10:26:40.730" endtime="20251115 10:26:40.730"/>
</kw>
<status status="PASS" starttime="20251115 10:26:40.730" endtime="20251115 10:26:40.730"/>
</kw>
<status status="PASS" starttime="20251115 10:26:40.729" endtime="20251115 10:26:40.730"/>
</kw>
<kw name="Input Credentials" library="resource">
<arg>kalle</arg>
<arg>kalle123</arg>
<kw name="Input" library="AppLibrary">
<arg>${username}</arg>
<status status="PASS" starttime="20251115 10:26:40.731" endtime="20251115 10:26:40.731"/>
</kw>
<kw name="Input" library="AppLibrary">
<arg>${password}</arg>
<status status="PASS" starttime="20251115 10:26:40.731" endtime="20251115 10:26:40.731"/>
</kw>
<kw name="Run Application" library="AppLibrary">
<status status="PASS" starttime="20251115 10:26:40.731" endtime="20251115 10:26:40.731"/>
</kw>
<status status="PASS" starttime="20251115 10:26:40.731" endtime="20251115 10:26:40.732"/>
</kw>
<kw name="Output Should Contain" library="AppLibrary">
<arg>Logged in</arg>
<status status="PASS" starttime="20251115 10:26:40.732" endtime="20251115 10:26:40.732"/>
</kw>
<status status="PASS" starttime="20251115 10:26:40.729" endtime="20251115 10:26:40.732"/>
</test>
<status status="PASS" starttime="20251115 10:26:40.720" endtime="20251115 10:26:40.732"/>
</suite>
<status status="PASS" starttime="20251115 10:26:40.671" endtime="20251115 10:26:40.733"/>
</suite>
<statistics>
<total>
<stat pass="1" fail="0" skip="0">All Tests</stat>
</total>
<tag>
</tag>
<suite>
<stat pass="1" fail="0" skip="0" id="s1" name="Tests">Tests</stat>
<stat pass="1" fail="0" skip="0" id="s1-s1" name="Login">Tests.Login</stat>
</suite>
</statistics>
<errors>
</errors>
</robot>
