<?xml version="1.0" encoding="UTF-8"?>
<robot generator="Robot 6.1.1 (Python 3.13.7 on linux)" generated="20251115 14:19:34.942" rpa="false" schemaversion="4">
<suite id="s1" name="Tests" source="/home/than/kurssit/ohjtuot/ohtupalautus/osa3/login-robot/src/tests">
<suite id="s1-s1" name="Login" source="/home/than/kurssit/ohjtuot/ohtupalautus/osa3/login-robot/src/tests/login.robot">
<test id="s1-s1-t1" name="Login With Correct Credentials" line="6">
<kw name="Create User And Input Login Command" type="SETUP">
<kw name="Create User" library="AppLibrary">
<arg>kalle</arg>
<arg>kalle123</arg>
<status status="PASS" starttime="20251115 14:19:34.985" endtime="20251115 14:19:34.985"/>
</kw>
<kw name="Input Login Command" library="resource">
<kw name="Input" library="AppLibrary">
<arg>login</arg>
<status status="PASS" starttime="20251115 14:19:34.986" endtime="20251115 14:19:34.986"/>
</kw>
<status status="PASS" starttime="20251115 14:19:34.986" endtime="20251115 14:19:34.987"/>
</kw>
<status status="PASS" starttime="20251115 14:19:34.984" endtime="20251115 14:19:34.987"/>
</kw>
<kw name="Input Credentials" library="resource">
<arg>kalle</arg>
<arg>kalle123</arg>
<kw name="Input" library="AppLibrary">
<arg>${username}</arg>
<status status="PASS" starttime="20251115 14:19:34.987" endtime="20251115 14:19:34.988"/>
</kw>
<kw name="Input" library="AppLibrary">
<arg>${password}</arg>
<status status="PASS" starttime="20251115 14:19:34.988" endtime="20251115 14:19:34.988"/>
</kw>
<kw name="Run Application" library="AppLibrary">
<status status="PASS" starttime="20251115 14:19:34.989" endtime="20251115 14:19:34.989"/>
</kw>
<status status="PASS" starttime="20251115 14:19:34.987" endtime="20251115 14:19:34.989"/>
</kw>
<kw name="Output Should Contain" library="AppLibrary">
<arg>Logged in</arg>
<status status="PASS" starttime="20251115 14:19:34.989" endtime="20251115 14:19:34.989"/>
</kw>
<status status="PASS" starttime="20251115 14:19:34.984" endtime="20251115 14:19:34.989"/>
</test>
<test id="s1-s1-t2" name="Login With Incorrect Password" line="10">
<kw name="Create User And Input Login Command" type="SETUP">
<kw name="Create User" library="AppLibrary">
<arg>kalle</arg>
<arg>kalle123</arg>
<status status="PASS" starttime="20251115 14:19:34.990" endtime="20251115 14:19:34.990"/>
</kw>
<kw name="Input Login Command" library="resource">
<kw name="Input" library="AppLibrary">
<arg>login</arg>
<status status="PASS" starttime="20251115 14:19:34.991" endtime="20251115 14:19:34.991"/>
</kw>
<status status="PASS" starttime="20251115 14:19:34.990" endtime="20251115 14:19:34.991"/>
</kw>
<status status="PASS" starttime="20251115 14:19:34.990" endtime="20251115 14:19:34.991"/>
</kw>
<kw name="Input Credentials" library="resource">
<arg>kalle</arg>
<arg>salasana</arg>
<kw name="Input" library="AppLibrary">
<arg>${username}</arg>
<status status="PASS" starttime="20251115 14:19:34.991" endtime="20251115 14:19:34.991"/>
</kw>
<kw name="Input" library="AppLibrary">
<arg>${password}</arg>
<status status="PASS" starttime="20251115 14:19:34.991" endtime="20251115 14:19:34.992"/>
</kw>
<kw name="Run Application" library="AppLibrary">
<status status="PASS" starttime="20251115 14:19:34.992" endtime="20251115 14:19:34.992"/>
</kw>
<status status="PASS" starttime="20251115 14:19:34.991" endtime="20251115 14:19:34.992"/>
</kw>
<kw name="Output Should Contain" library="AppLibrary">
<arg>Invalid username or password</arg>
<status status="PASS" starttime="20251115 14:19:34.992" endtime="20251115 14:19:34.992"/>
</kw>
<status status="PASS" starttime="20251115 14:19:34.989" endtime="20251115 14:19:34.992"/>
</test>
<test id="s1-s1-t3" name="Login With Nonexistent Username" line="14">
<kw name="Create User And Input Login Command" type="SETUP">
<kw name="Create User" library="AppLibrary">
<arg>kalle</arg>
<arg>kalle123</arg>
<status status="PASS" starttime="20251115 14:19:34.993" endtime="20251115 14:19:34.993"/>
</kw>
<kw name="Input Login Command" library="resource">
<kw name="Input" library="AppLibrary">
<arg>login</arg>
<status status="PASS" starttime="20251115 14:19:34.993" endtime="20251115 14:19:34.994"/>
</kw>
<status status="PASS" starttime="20251115 14:19:34.993" endtime="20251115 14:19:34.994"/>
</kw>
<status status="PASS" starttime="20251115 14:19:34.993" endtime="20251115 14:19:34.994"/>
</kw>
<kw name="Input Credentials" library="resource">
<arg>eioo</arg>
<arg>salasana</arg>
<kw name="Input" library="AppLibrary">
<arg>${username}</arg>
<status status="PASS" starttime="20251115 14:19:34.994" endtime="20251115 14:19:34.994"/>
</kw>
<kw name="Input" library="AppLibrary">
<arg>${password}</arg>
<status status="PASS" starttime="20251115 14:19:34.994" endtime="20251115 14:19:34.994"/>
</kw>
<kw name="Run Application" library="AppLibrary">
<status status="PASS" starttime="20251115 14:19:34.994" endtime="20251115 14:19:34.995"/>
</kw>
<status status="PASS" starttime="20251115 14:19:34.994" endtime="20251115 14:19:34.995"/>
</kw>
<kw name="Output Should Contain" library="AppLibrary">
<arg>Invalid username or password</arg>
<status status="PASS" starttime="20251115 14:19:34.995" endtime="20251115 14:19:34.995"/>
</kw>
<status status="PASS" starttime="20251115 14:19:34.992" endtime="20251115 14:19:34.995"/>
</test>
<status status="PASS" starttime="20251115 14:19:34.971" endtime="20251115 14:19:34.995"/>
</suite>
<suite id="s1-s2" name="Register" source="/home/than/kurssit/ohjtuot/ohtupalautus/osa3/login-robot/src/tests/register.robot">
<test id="s1-s2-t1" name="Register With Valid Username And Password" line="6">
<kw name="Register New User" type="SETUP">
<kw name="Create User" library="AppLibrary">
<arg>kalle</arg>
<arg>kalle123</arg>
<status status="PASS" starttime="20251115 14:19:34.999" endtime="20251115 14:19:35.000"/>
</kw>
<kw name="Input" library="AppLibrary">
<arg>new</arg>
<status status="PASS" starttime="20251115 14:19:35.000" endtime="20251115 14:19:35.000"/>
</kw>
<status status="PASS" starttime="20251115 14:19:34.999" endtime="20251115 14:19:35.000"/>
</kw>
<kw name="Input Credentials" library="resource">
<arg>jonne</arg>
<arg>jonne123</arg>
<kw name="Input" library="AppLibrary">
<arg>${username}</arg>
<status status="PASS" starttime="20251115 14:19:35.000" endtime="20251115 14:19:35.000"/>
</kw>
<kw name="Input" library="AppLibrary">
<arg>${password}</arg>
<status status="PASS" starttime="20251115 14:19:35.001" endtime="20251115 14:19:35.001"/>
</kw>
<kw name="Run Application" library="AppLibrary">
<status status="PASS" starttime="20251115 14:19:35.001" endtime="20251115 14:19:35.001"/>
</kw>
<status status="PASS" starttime="20251115 14:19:35.000" endtime="20251115 14:19:35.001"/>
</kw>
<kw name="Output Should Contain" library="AppLibrary">
<arg>New user registered</arg>
<status status="PASS" starttime="20251115 14:19:35.001" endtime="20251115 14:19:35.001"/>
</kw>
<status status="PASS" starttime="20251115 14:19:34.999" endtime="20251115 14:19:35.001"/>
</test>
<test id="s1-s2-t2" name="Register With Already Taken Username And Valid Password" line="10">
<kw name="Register New User" type="SETUP">
<kw name="Create User" library="AppLibrary">
<arg>kalle</arg>
<arg>kalle123</arg>
<status status="PASS" starttime="20251115 14:19:35.002" endtime="20251115 14:19:35.002"/>
</kw>
<kw name="Input" library="AppLibrary">
<arg>new</arg>
<status status="PASS" starttime="20251115 14:19:35.002" endtime="20251115 14:19:35.003"/>
</kw>
<status status="PASS" starttime="20251115 14:19:35.002" endtime="20251115 14:19:35.003"/>
</kw>
<kw name="Input Credentials" library="resource">
<arg>kalle</arg>
<arg>kalle123</arg>
<kw name="Input" library="AppLibrary">
<arg>${username}</arg>
<status status="PASS" starttime="20251115 14:19:35.003" endtime="20251115 14:19:35.003"/>
</kw>
<kw name="Input" library="AppLibrary">
<arg>${password}</arg>
<status status="PASS" starttime="20251115 14:19:35.003" endtime="20251115 14:19:35.003"/>
</kw>
<kw name="Run Application" library="AppLibrary">
<status status="PASS" starttime="20251115 14:19:35.003" endtime="20251115 14:19:35.004"/>
</kw>
<status status="PASS" starttime="20251115 14:19:35.003" endtime="20251115 14:19:35.004"/>
</kw>
<kw name="Output Should Contain" library="AppLibrary">
<arg>User with username kalle already exists</arg>
<status status="PASS" starttime="20251115 14:19:35.004" endtime="20251115 14:19:35.004"/>
</kw>
<status status="PASS" starttime="20251115 14:19:35.002" endtime="20251115 14:19:35.004"/>
</test>
<test id="s1-s2-t3" name="Register With Too Short Username And Valid Password" line="14">
<kw name="Register New User" type="SETUP">
<kw name="Create User" library="AppLibrary">
<arg>kalle</arg>
<arg>kalle123</arg>
<status status="PASS" starttime="20251115 14:19:35.005" endtime="20251115 14:19:35.005"/>
</kw>
<kw name="Input" library="AppLibrary">
<arg>new</arg>
<status status="PASS" starttime="20251115 14:19:35.005" endtime="20251115 14:19:35.005"/>
</kw>
<status status="PASS" starttime="20251115 14:19:35.005" endtime="20251115 14:19:35.005"/>
</kw>
<kw name="Input Credentials" library="resource">
<arg>aa</arg>
<arg>kalle123</arg>
<kw name="Input" library="AppLibrary">
<arg>${username}</arg>
<status status="PASS" starttime="20251115 14:19:35.006" endtime="20251115 14:19:35.006"/>
</kw>
<kw name="Input" library="AppLibrary">
<arg>${password}</arg>
<status status="PASS" starttime="20251115 14:19:35.006" endtime="20251115 14:19:35.006"/>
</kw>
<kw name="Run Application" library="AppLibrary">
<status status="PASS" starttime="20251115 14:19:35.006" endtime="20251115 14:19:35.006"/>
</kw>
<status status="PASS" starttime="20251115 14:19:35.005" endtime="20251115 14:19:35.006"/>
</kw>
<kw name="Output Should Contain" library="AppLibrary">
<arg>Username needs to be at least 3 characters</arg>
<status status="PASS" starttime="20251115 14:19:35.006" endtime="20251115 14:19:35.007"/>
</kw>
<status status="PASS" starttime="20251115 14:19:35.004" endtime="20251115 14:19:35.007"/>
</test>
<test id="s1-s2-t4" name="Register With Enough Long But Invalid Username And Valid Password" line="18">
<kw name="Register New User" type="SETUP">
<kw name="Create User" library="AppLibrary">
<arg>kalle</arg>
<arg>kalle123</arg>
<status status="PASS" starttime="20251115 14:19:35.007" endtime="20251115 14:19:35.008"/>
</kw>
<kw name="Input" library="AppLibrary">
<arg>new</arg>
<status status="PASS" starttime="20251115 14:19:35.008" endtime="20251115 14:19:35.008"/>
</kw>
<status status="PASS" starttime="20251115 14:19:35.007" endtime="20251115 14:19:35.008"/>
</kw>
<kw name="Input Credentials" library="resource">
<arg>kalle2</arg>
<arg>kalle123</arg>
<kw name="Input" library="AppLibrary">
<arg>${username}</arg>
<status status="PASS" starttime="20251115 14:19:35.008" endtime="20251115 14:19:35.008"/>
</kw>
<kw name="Input" library="AppLibrary">
<arg>${password}</arg>
<status status="PASS" starttime="20251115 14:19:35.008" endtime="20251115 14:19:35.008"/>
</kw>
<kw name="Run Application" library="AppLibrary">
<status status="PASS" starttime="20251115 14:19:35.008" endtime="20251115 14:19:35.009"/>
</kw>
<status status="PASS" starttime="20251115 14:19:35.008" endtime="20251115 14:19:35.009"/>
</kw>
<kw name="Output Should Contain" library="AppLibrary">
<arg>Username must contain only characters a-z</arg>
<status status="PASS" starttime="20251115 14:19:35.009" endtime="20251115 14:19:35.009"/>
</kw>
<status status="PASS" starttime="20251115 14:19:35.007" endtime="20251115 14:19:35.010"/>
</test>
<test id="s1-s2-t5" name="Register With Valid Username And Too Short Password" line="22">
<kw name="Register New User" type="SETUP">
<kw name="Create User" library="AppLibrary">
<arg>kalle</arg>
<arg>kalle123</arg>
<status status="PASS" starttime="20251115 14:19:35.010" endtime="20251115 14:19:35.010"/>
</kw>
<kw name="Input" library="AppLibrary">
<arg>new</arg>
<status status="PASS" starttime="20251115 14:19:35.011" endtime="20251115 14:19:35.011"/>
</kw>
<status status="PASS" starttime="20251115 14:19:35.010" endtime="20251115 14:19:35.011"/>
</kw>
<kw name="Input Credentials" library="resource">
<arg>jonne</arg>
<arg>jonne</arg>
<kw name="Input" library="AppLibrary">
<arg>${username}</arg>
<status status="PASS" starttime="20251115 14:19:35.011" endtime="20251115 14:19:35.011"/>
</kw>
<kw name="Input" library="AppLibrary">
<arg>${password}</arg>
<status status="PASS" starttime="20251115 14:19:35.011" endtime="20251115 14:19:35.011"/>
</kw>
<kw name="Run Application" library="AppLibrary">
<status status="PASS" starttime="20251115 14:19:35.011" endtime="20251115 14:19:35.011"/>
</kw>
<status status="PASS" starttime="20251115 14:19:35.011" endtime="20251115 14:19:35.011"/>
</kw>
<kw name="Output Should Contain" library="AppLibrary">
<arg>Password needs to be at least 8 characters</arg>
<status status="PASS" starttime="20251115 14:19:35.012" endtime="20251115 14:19:35.012"/>
</kw>
<status status="PASS" starttime="20251115 14:19:35.010" endtime="20251115 14:19:35.012"/>
</test>
<test id="s1-s2-t6" name="Register With Valid Username And Long Enough Password Containing Only Letters" line="26">
<kw name="Register New User" type="SETUP">
<kw name="Create User" library="AppLibrary">
<arg>kalle</arg>
<arg>kalle123</arg>
<status status="PASS" starttime="20251115 14:19:35.013" endtime="20251115 14:19:35.013"/>
</kw>
<kw name="Input" library="AppLibrary">
<arg>new</arg>
<status status="PASS" starttime="20251115 14:19:35.013" endtime="20251115 14:19:35.014"/>
</kw>
<status status="PASS" starttime="20251115 14:19:35.012" endtime="20251115 14:19:35.014"/>
</kw>
<kw name="Input Credentials" library="resource">
<arg>jonne</arg>
<arg>jonnejonne</arg>
<kw name="Input" library="AppLibrary">
<arg>${username}</arg>
<status status="PASS" starttime="20251115 14:19:35.014" endtime="20251115 14:19:35.014"/>
</kw>
<kw name="Input" library="AppLibrary">
<arg>${password}</arg>
<status status="PASS" starttime="20251115 14:19:35.015" endtime="20251115 14:19:35.015"/>
</kw>
<kw name="Run Application" library="AppLibrary">
<status status="PASS" starttime="20251115 14:19:35.015" endtime="20251115 14:19:35.015"/>
</kw>
<status status="PASS" starttime="20251115 14:19:35.014" endtime="20251115 14:19:35.015"/>
</kw>
<kw name="Output Should Contain" library="AppLibrary">
<arg>Password cannot contain only letters</arg>
<status status="PASS" starttime="20251115 14:19:35.015" endtime="20251115 14:19:35.015"/>
</kw>
<status status="PASS" starttime="20251115 14:19:35.012" endtime="20251115 14:19:35.015"/>
</test>
<status status="PASS" starttime="20251115 14:19:34.996" endtime="20251115 14:19:35.016"/>
</suite>
<status status="PASS" starttime="20251115 14:19:34.943" endtime="20251115 14:19:35.017"/>
</suite>
<statistics>
<total>
<stat pass="9" fail="0" skip="0">All Tests</stat>
</total>
<tag>
</tag>
<suite>
<stat pass="9" fail="0" skip="0" id="s1" name="Tests">Tests</stat>
<stat pass="3" fail="0" skip="0" id="s1-s1" name="Login">Tests.Login</stat>
<stat pass="6" fail="0" skip="0" id="s1-s2" name="Register">Tests.Register</stat>
</suite>
</statistics>
<errors>
</errors>
</robot>
